2021-08-05T00:00:03.390+1000 INFO getAllAddressBooks Started ...
2021-08-05T00:00:03.435+1000 INFO getAllAddressBooks Completed.
2021-08-05T00:00:38.959+1000 INFO addAddressBook Started ...
2021-08-05T00:00:38.964+1000 INFO addAddressBook Completed.
2021-08-05T00:00:51.384+1000 INFO getAllAddressBooks Started ...
2021-08-05T00:00:51.390+1000 INFO getAllAddressBooks Completed.
2021-08-05T00:01:21.210+1000 INFO addContactEntry Started ...
2021-08-05T00:01:21.232+1000 INFO addContactEntry Completed.
2021-08-05T00:01:32.311+1000 INFO getAllAddressBooks Started ...
2021-08-05T00:01:32.314+1000 INFO getAllAddressBooks Completed.
2021-08-05T00:02:25.235+1000 INFO getAllAddressBooks Started ...
2021-08-05T00:02:25.239+1000 INFO getAllAddressBooks Completed.
2021-08-05T00:02:26.609+1000 INFO getAllAddressBooks Started ...
2021-08-05T00:02:26.614+1000 INFO getAllAddressBooks Completed.
2021-08-05T00:03:34.410+1000 INFO addContactEntry Started ...
2021-08-05T00:03:34.414+1000 INFO addContactEntry Completed.
2021-08-05T00:13:07.472+1000 INFO addAddressBook Started ...
2021-08-05T00:13:07.767+1000 INFO addAddressBook Completed.
2021-08-05T00:13:11.177+1000 INFO addAddressBook Started ...
2021-08-05T00:13:11.183+1000 INFO addAddressBook Completed.
2021-08-05T00:13:16.229+1000 INFO getAllAddressBooks Started ...
2021-08-05T00:13:16.264+1000 INFO getAllAddressBooks Completed.
2021-08-05T00:13:24.480+1000 INFO addContactEntry Started ...
2021-08-05T00:13:24.494+1000 INFO addContactEntry Completed.
2021-08-05T00:13:30.089+1000 INFO getAllAddressBooks Started ...
2021-08-05T00:13:30.098+1000 INFO getAllAddressBooks Completed.
2021-08-05T00:13:36.842+1000 INFO addContactEntry Started ...
2021-08-05T00:13:36.848+1000 INFO addContactEntry Completed.
2021-08-05T00:13:39.828+1000 INFO getAllAddressBooks Started ...
2021-08-05T00:13:39.833+1000 INFO getAllAddressBooks Completed.
2021-08-05T00:17:40.227+1000 INFO addContactEntry Started ...
2021-08-05T00:17:40.283+1000 INFO addContactEntry Completed.
2021-08-05T00:17:57.403+1000 INFO addContactEntry Started ...
2021-08-05T00:17:57.414+1000 INFO addContactEntry Completed.
2021-08-05T00:18:32.947+1000 INFO getAllContactEntry Started ...
2021-08-05T00:18:32.961+1000 INFO getAllContactEntry Completed.
2021-08-05T00:19:21.812+1000 INFO getAllContactEntry Started ...
2021-08-05T00:19:21.815+1000 INFO getAllContactEntry Completed.
2021-08-05T00:19:26.503+1000 INFO getAllContactEntry Started ...
2021-08-05T00:19:26.514+1000 INFO getAllContactEntry Completed.
2021-08-05T00:20:13.228+1000 INFO getAllContactEntry Started ...
2021-08-05T00:20:13.233+1000 INFO getAllContactEntry Completed.
2021-08-05T00:20:36.734+1000 INFO addContactEntry Started ...
2021-08-05T00:20:36.740+1000 INFO addContactEntry Completed.
2021-08-05T00:20:43.518+1000 INFO getAllContactEntry Started ...
2021-08-05T00:20:43.522+1000 INFO getAllContactEntry Completed.
2021-08-05T00:20:49.632+1000 INFO getAllContactEntry Started ...
2021-08-05T00:20:49.637+1000 INFO getAllContactEntry Completed.
2021-08-05T00:20:58.965+1000 INFO getAllAddressBooks Started ...
2021-08-05T00:20:58.972+1000 INFO getAllAddressBooks Completed.
2021-08-05T00:21:51.590+1000 INFO addContactEntry Started ...
2021-08-05T00:21:51.593+1000 INFO addContactEntry Completed.
2021-08-05T00:21:55.295+1000 INFO addContactEntry Started ...
2021-08-05T00:21:55.298+1000 INFO addContactEntry Completed.
2021-08-05T00:22:00.643+1000 INFO getAllAddressBooks Started ...
2021-08-05T00:22:00.645+1000 INFO getAllAddressBooks Completed.
2021-08-05T00:22:05.091+1000 INFO getAllContactEntry Started ...
2021-08-05T00:22:05.096+1000 INFO getAllContactEntry Completed.
2021-08-05T00:26:03.032+1000 INFO Starting AddressBookAPITest using Java 11.0.11 on L99448950 with PID 18840 (started by s117889 in C:\iag\eclipse-workspace\addressbookapplication)
2021-08-05T00:26:03.038+1000 DEBUG Running with Spring Boot v2.5.0, Spring v5.3.7
2021-08-05T00:26:03.041+1000 INFO No active profile set, falling back to default profiles: default
2021-08-05T00:26:06.516+1000 INFO Started AddressBookAPITest in 4.155 seconds (JVM running for 6.858)
2021-08-05T00:30:08.474+1000 INFO Starting AddressBookAPITest using Java 11.0.11 on L99448950 with PID 19676 (started by s117889 in C:\iag\eclipse-workspace\addressbookapplication)
2021-08-05T00:30:08.480+1000 DEBUG Running with Spring Boot v2.5.0, Spring v5.3.7
2021-08-05T00:30:08.482+1000 INFO No active profile set, falling back to default profiles: default
2021-08-05T00:30:11.753+1000 INFO Started AddressBookAPITest in 3.907 seconds (JVM running for 6.496)
2021-08-05T00:30:11.913+1000 INFO getAllAddressBooks Started ...
2021-08-05T00:30:11.917+1000 INFO getAllAddressBooks Completed.
2021-08-05T00:47:06.947+1000 INFO Starting AddressBookAPITest using Java 11.0.11 on L99448950 with PID 17732 (started by s117889 in C:\iag\eclipse-workspace\addressbookapplication)
2021-08-05T00:47:06.950+1000 DEBUG Running with Spring Boot v2.5.0, Spring v5.3.7
2021-08-05T00:47:06.953+1000 INFO No active profile set, falling back to default profiles: default
2021-08-05T00:47:10.219+1000 INFO Started AddressBookAPITest in 3.921 seconds (JVM running for 6.518)
2021-08-05T00:47:10.472+1000 INFO getAllAddressBooks Started ...
2021-08-05T00:47:10.477+1000 INFO getAllAddressBooks Completed.
2021-08-05T01:16:05.212+1000 INFO Starting AddressBookAPITest using Java 11.0.11 on L99448950 with PID 12168 (started by s117889 in C:\iag\eclipse-workspace\addressbookapplication)
2021-08-05T01:16:05.217+1000 DEBUG Running with Spring Boot v2.5.0, Spring v5.3.7
2021-08-05T01:16:05.219+1000 INFO No active profile set, falling back to default profiles: default
2021-08-05T01:16:08.022+1000 INFO Started AddressBookAPITest in 3.349 seconds (JVM running for 5.612)
2021-08-05T01:16:08.239+1000 INFO addAddressBook Started ...
2021-08-05T01:16:08.239+1000 INFO addAddressBook Completed.
2021-08-05T01:16:08.295+1000 INFO getAllAddressBooks Started ...
2021-08-05T01:16:08.300+1000 INFO getAllAddressBooks Completed.
2021-08-05T01:21:12.035+1000 INFO Starting AddressBookAPITest using Java 11.0.11 on L99448950 with PID 22664 (started by s117889 in C:\iag\eclipse-workspace\addressbookapplication)
2021-08-05T01:21:12.040+1000 DEBUG Running with Spring Boot v2.5.0, Spring v5.3.7
2021-08-05T01:21:12.042+1000 INFO No active profile set, falling back to default profiles: default
2021-08-05T01:21:14.855+1000 INFO Started AddressBookAPITest in 3.353 seconds (JVM running for 5.604)
2021-08-05T01:21:15.050+1000 INFO addAddressBook Started ...
2021-08-05T01:21:15.050+1000 INFO addAddressBook Completed.
2021-08-05T01:23:40.225+1000 INFO Starting AddressBookAPITest using Java 11.0.11 on L99448950 with PID 5148 (started by s117889 in C:\iag\eclipse-workspace\addressbookapplication)
2021-08-05T01:23:40.229+1000 DEBUG Running with Spring Boot v2.5.0, Spring v5.3.7
2021-08-05T01:23:40.232+1000 INFO No active profile set, falling back to default profiles: default
2021-08-05T01:23:42.934+1000 INFO Started AddressBookAPITest in 3.238 seconds (JVM running for 5.435)
2021-08-05T01:23:43.134+1000 INFO addAddressBook Started ...
2021-08-05T01:23:43.147+1000 INFO addAddressBook Completed.
2021-08-05T01:28:27.755+1000 INFO Starting AddressBookAPITest using Java 11.0.11 on L99448950 with PID 24820 (started by s117889 in C:\iag\eclipse-workspace\addressbookapplication)
2021-08-05T01:28:27.759+1000 DEBUG Running with Spring Boot v2.5.0, Spring v5.3.7
2021-08-05T01:28:27.762+1000 INFO No active profile set, falling back to default profiles: default
2021-08-05T01:28:30.576+1000 INFO Started AddressBookAPITest in 3.368 seconds (JVM running for 5.601)
2021-08-05T01:28:30.793+1000 INFO addContactEntry Started ...
2021-08-05T01:28:30.797+1000 INFO addContactEntry Completed.
2021-08-05T01:28:44.371+1000 INFO Starting AddressBookAPITest using Java 11.0.11 on L99448950 with PID 22568 (started by s117889 in C:\iag\eclipse-workspace\addressbookapplication)
2021-08-05T01:28:44.377+1000 DEBUG Running with Spring Boot v2.5.0, Spring v5.3.7
2021-08-05T01:28:44.380+1000 INFO No active profile set, falling back to default profiles: default
2021-08-05T01:28:47.158+1000 INFO Started AddressBookAPITest in 3.317 seconds (JVM running for 5.51)
2021-08-05T01:28:47.356+1000 INFO addAddressBook Started ...
2021-08-05T01:28:47.362+1000 INFO addAddressBook Completed.
2021-08-05T01:28:47.434+1000 INFO getAllAddressBooks Started ...
2021-08-05T01:28:47.435+1000 INFO getAllAddressBooks Completed.
2021-08-05T01:28:47.584+1000 INFO addContactEntry Started ...
2021-08-05T01:28:47.585+1000 INFO addContactEntry Completed.
2021-08-05T01:29:59.192+1000 INFO Starting AddressBookAPITest using Java 11.0.11 on L99448950 with PID 24788 (started by s117889 in C:\iag\eclipse-workspace\addressbookapplication)
2021-08-05T01:29:59.196+1000 DEBUG Running with Spring Boot v2.5.0, Spring v5.3.7
2021-08-05T01:29:59.198+1000 INFO No active profile set, falling back to default profiles: default
2021-08-05T01:30:02.056+1000 INFO Started AddressBookAPITest in 3.386 seconds (JVM running for 5.617)
2021-08-05T01:30:02.250+1000 INFO addAddressBook Started ...
2021-08-05T01:30:02.255+1000 INFO addAddressBook Completed.
2021-08-05T01:30:02.337+1000 INFO getAllAddressBooks Started ...
2021-08-05T01:30:02.338+1000 INFO getAllAddressBooks Completed.
2021-08-05T01:30:02.509+1000 INFO addContactEntry Started ...
2021-08-05T01:30:02.510+1000 INFO addContactEntry Completed.
2021-08-05T01:53:28.275+1000 INFO Starting ContactEntryAPITest using Java 11.0.11 on L99448950 with PID 556 (started by s117889 in C:\iag\eclipse-workspace\addressbookapplication)
2021-08-05T01:53:28.281+1000 DEBUG Running with Spring Boot v2.5.0, Spring v5.3.7
2021-08-05T01:53:28.283+1000 INFO No active profile set, falling back to default profiles: default
2021-08-05T01:53:31.075+1000 INFO Started ContactEntryAPITest in 3.324 seconds (JVM running for 5.474)
2021-08-05T01:53:31.253+1000 INFO addContactEntry Started ...
2021-08-05T01:53:31.257+1000 INFO addContactEntry Completed.
2021-08-05T01:53:31.344+1000 INFO getAllContactEntry Started ...
2021-08-05T01:53:31.344+1000 INFO getAllContactEntry Completed.
2021-08-05T01:53:31.485+1000 INFO getAllContactEntry Started ...
2021-08-05T01:53:31.485+1000 INFO getAllContactEntry Completed.
2021-08-05T01:56:08.998+1000 INFO Starting ContactEntryAPITest using Java 11.0.11 on L99448950 with PID 23760 (started by s117889 in C:\iag\eclipse-workspace\addressbookapplication)
2021-08-05T01:56:09.003+1000 DEBUG Running with Spring Boot v2.5.0, Spring v5.3.7
2021-08-05T01:56:09.005+1000 INFO No active profile set, falling back to default profiles: default
2021-08-05T01:56:11.781+1000 INFO Started ContactEntryAPITest in 3.296 seconds (JVM running for 5.454)
2021-08-05T01:56:11.944+1000 INFO addContactEntry Started ...
2021-08-05T01:56:11.948+1000 INFO addContactEntry Completed.
2021-08-05T01:56:12.052+1000 INFO getAllContactEntry Started ...
2021-08-05T01:56:12.053+1000 INFO getAllContactEntry Completed.
2021-08-05T01:56:12.190+1000 INFO getAllContactEntry Started ...
2021-08-05T01:56:12.190+1000 INFO getAllContactEntry Completed.
2021-08-05T01:58:22.437+1000 INFO Starting ContactEntryAPITest using Java 11.0.11 on L99448950 with PID 20968 (started by s117889 in C:\iag\eclipse-workspace\addressbookapplication)
2021-08-05T01:58:22.442+1000 DEBUG Running with Spring Boot v2.5.0, Spring v5.3.7
2021-08-05T01:58:22.444+1000 INFO No active profile set, falling back to default profiles: default
2021-08-05T01:58:25.285+1000 INFO Started ContactEntryAPITest in 3.403 seconds (JVM running for 5.669)
2021-08-05T01:58:25.460+1000 INFO addContactEntry Started ...
2021-08-05T01:58:25.465+1000 INFO addContactEntry Completed.
2021-08-05T01:58:25.573+1000 INFO getAllContactEntry Started ...
2021-08-05T01:58:25.574+1000 INFO getAllContactEntry Completed.
2021-08-05T01:58:25.717+1000 INFO getAllContactEntry Started ...
2021-08-05T01:58:25.718+1000 INFO getAllContactEntry Completed.
2021-08-05T02:02:48.215+1000 INFO Starting ContactEntryAPITest using Java 11.0.11 on L99448950 with PID 10104 (started by s117889 in C:\iag\eclipse-workspace\addressbookapplication)
2021-08-05T02:02:48.220+1000 DEBUG Running with Spring Boot v2.5.0, Spring v5.3.7
2021-08-05T02:02:48.222+1000 INFO No active profile set, falling back to default profiles: default
2021-08-05T02:02:50.934+1000 INFO Started ContactEntryAPITest in 3.248 seconds (JVM running for 5.343)
2021-08-05T02:02:51.265+1000 INFO addContactEntry Started ...
2021-08-05T02:02:51.268+1000 INFO addContactEntry Completed.
2021-08-05T02:05:52.605+1000 INFO Starting ContactEntryAPITest using Java 11.0.11 on L99448950 with PID 14064 (started by s117889 in C:\iag\eclipse-workspace\addressbookapplication)
2021-08-05T02:05:52.611+1000 DEBUG Running with Spring Boot v2.5.0, Spring v5.3.7
2021-08-05T02:05:52.613+1000 INFO No active profile set, falling back to default profiles: default
2021-08-05T02:05:55.382+1000 INFO Started ContactEntryAPITest in 3.377 seconds (JVM running for 5.612)
2021-08-05T02:05:55.724+1000 INFO addContactEntry Started ...
2021-08-05T02:05:55.727+1000 INFO addContactEntry Completed.
2021-08-05T02:08:30.527+1000 INFO Starting ContactEntryAPITest using Java 11.0.11 on L99448950 with PID 20016 (started by s117889 in C:\iag\eclipse-workspace\addressbookapplication)
2021-08-05T02:08:30.532+1000 DEBUG Running with Spring Boot v2.5.0, Spring v5.3.7
2021-08-05T02:08:30.534+1000 INFO No active profile set, falling back to default profiles: default
2021-08-05T02:08:33.317+1000 INFO Started ContactEntryAPITest in 3.311 seconds (JVM running for 5.434)
2021-08-05T02:08:33.647+1000 INFO addContactEntry Started ...
2021-08-05T02:08:33.650+1000 INFO addContactEntry Completed.
2021-08-05T02:11:19.015+1000 INFO Starting ContactEntryAPITest using Java 11.0.11 on L99448950 with PID 18568 (started by s117889 in C:\iag\eclipse-workspace\addressbookapplication)
2021-08-05T02:11:19.020+1000 DEBUG Running with Spring Boot v2.5.0, Spring v5.3.7
2021-08-05T02:11:19.023+1000 INFO No active profile set, falling back to default profiles: default
2021-08-05T02:11:21.874+1000 INFO Started ContactEntryAPITest in 3.435 seconds (JVM running for 5.815)
2021-08-05T02:11:22.188+1000 INFO addContactEntry Started ...
2021-08-05T02:11:22.191+1000 INFO addContactEntry Completed.
2021-08-05T02:11:35.766+1000 INFO Starting ContactEntryAPITest using Java 11.0.11 on L99448950 with PID 13800 (started by s117889 in C:\iag\eclipse-workspace\addressbookapplication)
2021-08-05T02:11:35.771+1000 DEBUG Running with Spring Boot v2.5.0, Spring v5.3.7
2021-08-05T02:11:35.774+1000 INFO No active profile set, falling back to default profiles: default
2021-08-05T02:11:38.513+1000 INFO Started ContactEntryAPITest in 3.266 seconds (JVM running for 5.466)
2021-08-05T02:11:38.682+1000 INFO addContactEntry Started ...
2021-08-05T02:11:38.685+1000 INFO addContactEntry Completed.
2021-08-05T02:11:38.790+1000 INFO getAllContactEntry Started ...
2021-08-05T02:11:38.791+1000 INFO getAllContactEntry Completed.
2021-08-05T02:11:38.924+1000 INFO getAllContactEntry Started ...
2021-08-05T02:11:38.924+1000 INFO getAllContactEntry Completed.
2021-08-05T02:11:39.112+1000 INFO addContactEntry Started ...
2021-08-05T02:11:39.112+1000 INFO addContactEntry Completed.
2021-08-05T02:13:28.534+1000 INFO Starting ContactEntryAPITest using Java 11.0.11 on L99448950 with PID 19044 (started by s117889 in C:\iag\eclipse-workspace\addressbookapplication)
2021-08-05T02:13:28.539+1000 DEBUG Running with Spring Boot v2.5.0, Spring v5.3.7
2021-08-05T02:13:28.542+1000 INFO No active profile set, falling back to default profiles: default
2021-08-05T02:13:31.332+1000 INFO Started ContactEntryAPITest in 3.333 seconds (JVM running for 5.675)
2021-08-05T02:13:31.501+1000 INFO addContactEntry Started ...
2021-08-05T02:13:31.506+1000 INFO addContactEntry Completed.
2021-08-05T02:13:31.618+1000 INFO getAllContactEntry Started ...
2021-08-05T02:13:31.619+1000 INFO getAllContactEntry Completed.
2021-08-05T02:13:31.759+1000 INFO getAllContactEntry Started ...
2021-08-05T02:13:31.760+1000 INFO getAllContactEntry Completed.
2021-08-05T02:13:31.935+1000 INFO addContactEntry Started ...
2021-08-05T02:13:31.936+1000 INFO addContactEntry Completed.
2021-08-05T02:14:38.591+1000 INFO addAddressBook Started ...
2021-08-05T02:14:38.827+1000 INFO addAddressBook Completed.
2021-08-05T02:14:39.768+1000 INFO addAddressBook Started ...
2021-08-05T02:14:39.779+1000 INFO addAddressBook Completed.
2021-08-05T02:14:50.270+1000 INFO addContactEntry Started ...
2021-08-05T02:14:50.317+1000 INFO addContactEntry Completed.
2021-08-05T02:14:51.780+1000 INFO addContactEntry Started ...
2021-08-05T02:14:51.804+1000 INFO addContactEntry Completed.
2021-08-05T02:15:07.588+1000 INFO getAllContactEntry Started ...
2021-08-05T02:15:07.601+1000 INFO getAllContactEntry Completed.
2021-08-05T02:18:33.079+1000 INFO Starting ContactEntryAPITest using Java 11.0.11 on L99448950 with PID 6852 (started by s117889 in C:\iag\eclipse-workspace\addressbookapplication)
2021-08-05T02:18:33.083+1000 DEBUG Running with Spring Boot v2.5.0, Spring v5.3.7
2021-08-05T02:18:33.085+1000 INFO No active profile set, falling back to default profiles: default
2021-08-05T02:18:35.935+1000 INFO Started ContactEntryAPITest in 3.42 seconds (JVM running for 5.707)
2021-08-05T02:18:36.100+1000 INFO addContactEntry Started ...
2021-08-05T02:18:36.105+1000 INFO addContactEntry Completed.
2021-08-05T02:18:36.219+1000 INFO getAllContactEntry Started ...
2021-08-05T02:18:36.220+1000 INFO getAllContactEntry Completed.
2021-08-05T02:18:36.363+1000 INFO getAllContactEntry Started ...
2021-08-05T02:18:36.364+1000 INFO getAllContactEntry Completed.
2021-08-05T02:18:36.447+1000 INFO addContactEntry Started ...
2021-08-05T02:18:36.448+1000 INFO addContactEntry Completed.
2021-08-05T03:34:24.381+1000 INFO Starting AddressBookAPITest using Java 11.0.11 on L99448950 with PID 23956 (started by s117889 in C:\iag\eclipse-workspace\addressbookapplication)
2021-08-05T03:34:24.388+1000 DEBUG Running with Spring Boot v2.5.0, Spring v5.3.7
2021-08-05T03:34:24.391+1000 INFO No active profile set, falling back to default profiles: default
2021-08-05T03:34:27.501+1000 INFO Started AddressBookAPITest in 3.708 seconds (JVM running for 6.071)
2021-08-05T03:34:27.687+1000 INFO getAllAddressBooks Started ...
2021-08-05T03:34:27.691+1000 INFO getAllAddressBooks Completed.
2021-08-05T03:34:27.950+1000 INFO addContactEntry Started ...
2021-08-05T03:34:27.952+1000 INFO addContactEntry Completed.
2021-08-05T03:34:27.981+1000 INFO addAddressBook Started ...
2021-08-05T03:34:27.982+1000 INFO addAddressBook Completed.
2021-08-05T03:34:41.036+1000 INFO Starting ContactEntryAPITest using Java 11.0.11 on L99448950 with PID 25460 (started by s117889 in C:\iag\eclipse-workspace\addressbookapplication)
2021-08-05T03:34:41.041+1000 DEBUG Running with Spring Boot v2.5.0, Spring v5.3.7
2021-08-05T03:34:41.044+1000 INFO No active profile set, falling back to default profiles: default
2021-08-05T03:34:44.068+1000 INFO Started ContactEntryAPITest in 3.616 seconds (JVM running for 6.064)
2021-08-05T03:34:44.256+1000 INFO addContactEntry Started ...
2021-08-05T03:34:44.261+1000 INFO addContactEntry Completed.
2021-08-05T03:34:44.376+1000 INFO getAllContactEntry Started ...
2021-08-05T03:34:44.377+1000 INFO getAllContactEntry Completed.
2021-08-05T03:34:44.520+1000 INFO getAllContactEntry Started ...
2021-08-05T03:34:44.520+1000 INFO getAllContactEntry Completed.
2021-08-05T03:34:44.654+1000 INFO addContactEntry Started ...
2021-08-05T03:34:44.654+1000 INFO addContactEntry Completed.
2021-08-05T05:14:50.568+1000 INFO getAllAddressBooks Started ...
2021-08-05T05:14:50.659+1000 INFO getAllAddressBooks Completed.
2021-08-05T05:15:00.292+1000 INFO addAddressBook Started ...
2021-08-05T05:15:00.445+1000 INFO addAddressBook Completed.
2021-08-05T05:15:01.677+1000 INFO addAddressBook Started ...
2021-08-05T05:15:01.688+1000 INFO addAddressBook Completed.
2021-08-05T05:15:05.402+1000 INFO addAddressBook Started ...
2021-08-05T05:15:05.408+1000 INFO addAddressBook Completed.
2021-08-05T05:15:08.116+1000 INFO addAddressBook Started ...
2021-08-05T05:15:08.118+1000 INFO addAddressBook Completed.
2021-08-05T05:15:11.678+1000 INFO getAllAddressBooks Started ...
2021-08-05T05:15:16.017+1000 INFO getAllAddressBooks Started ...
2021-08-05T05:21:26.748+1000 INFO getAllAddressBooks Started ...
2021-08-05T05:24:26.423+1000 INFO getAllAddressBooks Started ...
2021-08-05T05:24:26.520+1000 INFO getAllAddressBooks Completed.
2021-08-05T05:24:43.450+1000 INFO addAddressBook Started ...
2021-08-05T05:24:43.622+1000 INFO addAddressBook Completed.
2021-08-05T05:24:48.948+1000 INFO getAllAddressBooks Started ...
2021-08-05T05:24:48.965+1000 INFO getAllAddressBooks Completed.
2021-08-05T05:25:00.588+1000 INFO addAddressBook Started ...
2021-08-05T05:25:00.595+1000 INFO addAddressBook Completed.
2021-08-05T05:25:03.002+1000 INFO addAddressBook Started ...
2021-08-05T05:25:03.005+1000 INFO addAddressBook Completed.
2021-08-05T05:25:07.081+1000 INFO addContactEntry Started ...
2021-08-05T05:25:07.130+1000 INFO addContactEntry Completed.
2021-08-05T05:25:12.734+1000 INFO addContactEntry Started ...
2021-08-05T05:25:12.747+1000 INFO addContactEntry Completed.
2021-08-05T05:25:17.181+1000 INFO addContactEntry Started ...
2021-08-05T05:25:17.190+1000 INFO addContactEntry Completed.
2021-08-05T05:25:22.932+1000 INFO addContactEntry Started ...
2021-08-05T05:25:22.951+1000 INFO addContactEntry Completed.
2021-08-05T05:25:25.582+1000 INFO getAllAddressBooks Started ...
2021-08-05T05:25:25.592+1000 INFO getAllAddressBooks Completed.
2021-08-05T05:25:39.758+1000 INFO getAllContactEntry Started ...
2021-08-05T05:25:39.769+1000 INFO getAllContactEntry Completed.
2021-08-05T05:26:18.866+1000 INFO addContactEntry Started ...
2021-08-05T05:26:18.881+1000 INFO addContactEntry Completed.
2021-08-05T05:26:20.607+1000 INFO addContactEntry Started ...
2021-08-05T05:26:20.609+1000 INFO addContactEntry Completed.
2021-08-05T05:26:25.203+1000 INFO addContactEntry Started ...
2021-08-05T05:26:25.217+1000 INFO addContactEntry Completed.
2021-08-05T05:26:32.057+1000 INFO getAllAddressBooks Started ...
2021-08-05T05:26:32.066+1000 INFO getAllAddressBooks Completed.
2021-08-05T12:36:47.522+1000 INFO getAllAddressBooks Started ...
2021-08-05T12:36:47.589+1000 INFO getAllAddressBooks Completed.
2021-08-05T12:36:52.948+1000 INFO addAddressBook Started ...
2021-08-05T12:36:53.096+1000 INFO addAddressBook Completed.
2021-08-05T12:36:53.952+1000 INFO addAddressBook Started ...
2021-08-05T12:36:53.963+1000 INFO addAddressBook Completed.
2021-08-05T12:36:57.812+1000 INFO getAllAddressBooks Started ...
2021-08-05T12:36:57.825+1000 INFO getAllAddressBooks Completed.
2021-08-05T12:37:05.976+1000 INFO addContactEntry Started ...
2021-08-05T12:37:05.991+1000 INFO addContactEntry Completed.
2021-08-05T12:37:07.059+1000 INFO addContactEntry Started ...
2021-08-05T12:37:07.062+1000 INFO addContactEntry Completed.
2021-08-05T12:37:09.990+1000 INFO getAllAddressBooks Started ...
2021-08-05T12:37:09.993+1000 INFO getAllAddressBooks Completed.
2021-08-05T12:37:14.601+1000 INFO addAddressBook Started ...
2021-08-05T12:37:14.605+1000 INFO addAddressBook Completed.
2021-08-05T12:37:15.105+1000 INFO addAddressBook Started ...
2021-08-05T12:37:15.108+1000 INFO addAddressBook Completed.
2021-08-05T12:37:22.823+1000 INFO addContactEntry Started ...
2021-08-05T12:41:59.057+1000 INFO addContactEntry Started ...
2021-08-05T12:41:59.123+1000 INFO addContactEntry Completed.
2021-08-05T12:42:08.550+1000 INFO addAddressBook Started ...
2021-08-05T12:42:08.704+1000 INFO addAddressBook Completed.
2021-08-05T12:42:18.775+1000 INFO addContactEntry Started ...
2021-08-05T12:42:18.825+1000 INFO addContactEntry Completed.
2021-08-05T12:42:27.104+1000 INFO addAddressBook Started ...
2021-08-05T12:42:27.109+1000 INFO addAddressBook Completed.
2021-08-05T12:42:46.479+1000 INFO addContactEntry Started ...
2021-08-05T12:42:46.511+1000 INFO addContactEntry Completed.
2021-08-05T12:42:51.782+1000 INFO getAllAddressBooks Started ...
2021-08-05T12:42:51.799+1000 INFO getAllAddressBooks Completed.
2021-08-05T12:43:12.723+1000 INFO getAllContactEntry Started ...
2021-08-05T12:43:12.729+1000 INFO getAllContactEntry Completed.
2021-08-05T12:43:20.939+1000 INFO getAllContactEntry Started ...
2021-08-05T12:43:20.950+1000 INFO getAllContactEntry Completed.
2021-08-05T12:45:35.263+1000 INFO addContactEntry Started ...
2021-08-05T12:45:35.277+1000 INFO addContactEntry Completed.
2021-08-05T12:45:36.120+1000 INFO addContactEntry Started ...
2021-08-05T12:45:36.122+1000 INFO addContactEntry Completed.
2021-08-05T12:45:40.002+1000 INFO getAllAddressBooks Started ...
2021-08-05T12:45:40.010+1000 INFO getAllAddressBooks Completed.
2021-08-05T12:45:43.841+1000 INFO getAllContactEntry Started ...
2021-08-05T12:45:43.844+1000 INFO getAllContactEntry Completed.
2021-08-05T12:45:50.040+1000 INFO addContactEntry Started ...
2021-08-05T12:45:50.044+1000 INFO addContactEntry Completed.
2021-08-05T12:45:53.867+1000 INFO addContactEntry Started ...
2021-08-05T12:45:53.869+1000 INFO addContactEntry Completed.
2021-08-05T12:45:59.054+1000 INFO addContactEntry Started ...
2021-08-05T12:45:59.056+1000 INFO addContactEntry Completed.
2021-08-05T12:46:01.683+1000 INFO getAllAddressBooks Started ...
2021-08-05T12:46:01.687+1000 INFO getAllAddressBooks Completed.
2021-08-05T14:22:40.744+1000 INFO getAllAddressBooks Started ...
2021-08-05T14:22:40.818+1000 INFO getAllAddressBooks Completed.
2021-08-05T14:22:42.697+1000 INFO getAllAddressBooks Started ...
2021-08-05T14:22:42.700+1000 INFO getAllAddressBooks Completed.
2021-08-05T14:22:52.655+1000 INFO addContactEntry Started ...
2021-08-05T14:22:52.675+1000 INFO addContactEntry Completed.
2021-08-05T14:22:55.548+1000 INFO addContactEntry Started ...
2021-08-05T14:22:55.553+1000 INFO addContactEntry Completed.
2021-08-05T14:22:59.578+1000 INFO addAddressBook Started ...
2021-08-05T14:22:59.722+1000 INFO addAddressBook Completed.
2021-08-05T14:23:04.433+1000 INFO addAddressBook Started ...
2021-08-05T14:23:04.440+1000 INFO addAddressBook Completed.
2021-08-05T14:23:07.027+1000 INFO getAllContactEntry Started ...
2021-08-05T14:23:07.035+1000 INFO getAllContactEntry Completed.
2021-08-05T14:23:09.805+1000 INFO getAllAddressBooks Started ...
2021-08-05T14:23:09.830+1000 INFO getAllAddressBooks Completed.
2021-08-05T14:23:18.233+1000 INFO addContactEntry Started ...
2021-08-05T14:23:18.274+1000 INFO addContactEntry Completed.
2021-08-05T14:23:22.249+1000 INFO addContactEntry Started ...
2021-08-05T14:23:22.270+1000 INFO addContactEntry Completed.
2021-08-05T14:23:26.947+1000 INFO addContactEntry Started ...
2021-08-05T14:23:26.958+1000 INFO addContactEntry Completed.
2021-08-05T14:23:31.166+1000 INFO addContactEntry Started ...
2021-08-05T14:23:31.175+1000 INFO addContactEntry Completed.
2021-08-05T14:23:34.068+1000 INFO getAllAddressBooks Started ...
2021-08-05T14:23:34.080+1000 INFO getAllAddressBooks Completed.
2021-08-05T14:23:40.527+1000 INFO addContactEntry Started ...
2021-08-05T14:23:40.534+1000 INFO addContactEntry Completed.
2021-08-05T14:23:43.437+1000 INFO addContactEntry Started ...
2021-08-05T14:23:43.456+1000 INFO addContactEntry Completed.
2021-08-05T14:23:47.873+1000 INFO getAllAddressBooks Started ...
2021-08-05T14:23:47.881+1000 INFO getAllAddressBooks Completed.
2021-08-05T14:23:53.055+1000 INFO getAllContactEntry Started ...
2021-08-05T14:23:53.059+1000 INFO getAllContactEntry Completed.
2021-08-05T14:23:56.463+1000 INFO getAllContactEntry Started ...
2021-08-05T14:23:56.468+1000 INFO getAllContactEntry Completed.
2021-08-05T14:24:00.499+1000 INFO getAllContactEntry Started ...
2021-08-05T14:24:00.504+1000 INFO getAllContactEntry Completed.
2021-08-05T15:44:25.724+1000 INFO Starting AddressBookAPITest using Java 11.0.11 on L99448950 with PID 22020 (started by s117889 in C:\iag\eclipse-workspace\addressbookapplication)
2021-08-05T15:44:25.726+1000 DEBUG Running with Spring Boot v2.5.0, Spring v5.3.7
2021-08-05T15:44:25.727+1000 INFO No active profile set, falling back to default profiles: default
2021-08-05T15:44:27.971+1000 INFO Started AddressBookAPITest in 2.314 seconds (JVM running for 12.777)
2021-08-05T15:44:28.091+1000 INFO getAllAddressBooks Started ...
2021-08-05T15:44:28.096+1000 INFO getAllAddressBooks Completed.
2021-08-05T15:44:28.284+1000 INFO addContactEntry Started ...
2021-08-05T15:44:28.286+1000 INFO addContactEntry Completed.
2021-08-05T15:44:28.307+1000 INFO addAddressBook Started ...
2021-08-05T15:44:28.308+1000 INFO addAddressBook Completed.
2021-08-05T15:44:28.380+1000 INFO Starting ContactEntryAPITest using Java 11.0.11 on L99448950 with PID 22020 (started by s117889 in C:\iag\eclipse-workspace\addressbookapplication)
2021-08-05T15:44:28.381+1000 DEBUG Running with Spring Boot v2.5.0, Spring v5.3.7
2021-08-05T15:44:28.383+1000 INFO No active profile set, falling back to default profiles: default
2021-08-05T15:44:29.321+1000 INFO Started ContactEntryAPITest in 0.99 seconds (JVM running for 14.127)
2021-08-05T15:44:29.337+1000 INFO addContactEntry Started ...
2021-08-05T15:44:29.338+1000 INFO addContactEntry Completed.
2021-08-05T15:44:29.353+1000 INFO getAllContactEntry Started ...
2021-08-05T15:44:29.354+1000 INFO getAllContactEntry Completed.
2021-08-05T15:44:29.373+1000 INFO getAllContactEntry Started ...
2021-08-05T15:44:29.374+1000 INFO getAllContactEntry Completed.
2021-08-05T15:44:29.455+1000 INFO addContactEntry Started ...
2021-08-05T15:44:29.455+1000 INFO addContactEntry Completed.
2021-08-05T15:47:56.018+1000 INFO Starting AddressBookAPITest using Java 11.0.11 on L99448950 with PID 5412 (started by s117889 in C:\iag\eclipse-workspace\addressbookapplication)
2021-08-05T15:47:56.019+1000 DEBUG Running with Spring Boot v2.5.0, Spring v5.3.7
2021-08-05T15:47:56.021+1000 INFO No active profile set, falling back to default profiles: default
2021-08-05T15:47:58.150+1000 INFO Started AddressBookAPITest in 2.2 seconds (JVM running for 11.458)
2021-08-05T15:47:58.263+1000 INFO getAllAddressBooks Started ...
2021-08-05T15:47:58.266+1000 INFO getAllAddressBooks Completed.
2021-08-05T15:47:58.451+1000 INFO addContactEntry Started ...
2021-08-05T15:47:58.453+1000 INFO addContactEntry Completed.
2021-08-05T15:47:58.480+1000 INFO addAddressBook Started ...
2021-08-05T15:47:58.481+1000 INFO addAddressBook Completed.
2021-08-05T15:47:58.556+1000 INFO Starting ContactEntryAPITest using Java 11.0.11 on L99448950 with PID 5412 (started by s117889 in C:\iag\eclipse-workspace\addressbookapplication)
2021-08-05T15:47:58.557+1000 DEBUG Running with Spring Boot v2.5.0, Spring v5.3.7
2021-08-05T15:47:58.558+1000 INFO No active profile set, falling back to default profiles: default
2021-08-05T15:47:59.515+1000 INFO Started ContactEntryAPITest in 1.011 seconds (JVM running for 12.824)
2021-08-05T15:47:59.532+1000 INFO addContactEntry Started ...
2021-08-05T15:47:59.533+1000 INFO addContactEntry Completed.
2021-08-05T15:47:59.550+1000 INFO getAllContactEntry Started ...
2021-08-05T15:47:59.550+1000 INFO getAllContactEntry Completed.
2021-08-05T15:47:59.570+1000 INFO getAllContactEntry Started ...
2021-08-05T15:47:59.570+1000 INFO getAllContactEntry Completed.
2021-08-05T15:47:59.661+1000 INFO addContactEntry Started ...
2021-08-05T15:47:59.662+1000 INFO addContactEntry Completed.
2021-08-05T17:09:12.758+1000 INFO Starting AddressBookAPITest using Java 11.0.11 on L99448950 with PID 10036 (started by s117889 in C:\iag\eclipse-workspace\addressbookapplication)
2021-08-05T17:09:12.759+1000 DEBUG Running with Spring Boot v2.5.0, Spring v5.3.7
2021-08-05T17:09:12.761+1000 INFO No active profile set, falling back to default profiles: default
2021-08-05T17:09:14.887+1000 INFO Started AddressBookAPITest in 2.193 seconds (JVM running for 11.405)
2021-08-05T17:09:14.996+1000 INFO getAllAddressBooks Started ...
2021-08-05T17:09:14.999+1000 INFO getAllAddressBooks Completed.
2021-08-05T17:09:15.174+1000 INFO addContactEntry Started ...
2021-08-05T17:09:15.176+1000 INFO addContactEntry Completed.
2021-08-05T17:09:15.194+1000 INFO addAddressBook Started ...
2021-08-05T17:09:15.195+1000 INFO addAddressBook Completed.
2021-08-05T17:09:15.257+1000 INFO Starting ContactEntryAPITest using Java 11.0.11 on L99448950 with PID 10036 (started by s117889 in C:\iag\eclipse-workspace\addressbookapplication)
2021-08-05T17:09:15.258+1000 DEBUG Running with Spring Boot v2.5.0, Spring v5.3.7
2021-08-05T17:09:15.259+1000 INFO No active profile set, falling back to default profiles: default
2021-08-05T17:09:16.219+1000 INFO Started ContactEntryAPITest in 1.006 seconds (JVM running for 12.737)
2021-08-05T17:09:16.236+1000 INFO addContactEntry Started ...
2021-08-05T17:09:16.237+1000 INFO addContactEntry Completed.
2021-08-05T17:09:16.255+1000 INFO getAllContactEntry Started ...
2021-08-05T17:09:16.255+1000 INFO getAllContactEntry Completed.
2021-08-05T17:09:16.276+1000 INFO getAllContactEntry Started ...
2021-08-05T17:09:16.276+1000 INFO getAllContactEntry Completed.
2021-08-05T17:09:16.352+1000 INFO addContactEntry Started ...
2021-08-05T17:09:16.353+1000 INFO addContactEntry Completed.
